#
# A fatal error has been detected by the Java Runtime Environment:
#
#  SIGSEGV (0xb) at pc=0x000000010edcdcfa, pid=1515, tid=0x0000000000002603
#
# JRE version: Java(TM) SE Runtime Environment (8.0_144-b01) (build 1.8.0_144-b01)
# Java VM: Java HotSpot(TM) 64-Bit Server VM (25.144-b01 mixed mode bsd-amd64 compressed oops)
# Problematic frame:
# V  [libjvm.dylib+0x3cdcfa]  LinkResolver::resolve_invokevirtual(CallInfo&, Handle, constantPoolHandle, int, Thread*)+0x100
#
# Failed to write core dump. Core dumps have been disabled. To enable core dumping, try "ulimit -c unlimited" before starting Java again
#
# If you would like to submit a bug report, please visit:
#   http://bugreport.java.com/bugreport/crash.jsp
#

---------------  T H R E A D  ---------------

Current thread (0x00007ff838800800):  JavaThread "main" [_thread_in_vm, id=9731, stack(0x000070000d69f000,0x000070000d79f000)]

siginfo: si_signo: 11 (SIGSEGV), si_code: 1 (SEGV_MAPERR), si_addr: 0x0000000000000030

Registers:
RAX=0x0000000000000028, RBX=0x0000000114c7b090, RCX=0x0000000000000003, RDX=0x00007ff837e0e350
RSP=0x000070000d79e4f0, RBP=0x000070000d79e570, RSI=0x000000010f23fb20, RDI=0x00007ff837e02960
R8 =0x000070000d79e530, R9 =0x0000000000000008, R10=0x000000010f3020e0, R11=0x000000000000002b
R12=0x00007ff837e030d0, R13=0x000070000d79e6b8, R14=0x00007ff838800800, R15=0x0000000000000008
RIP=0x000000010edcdcfa, EFLAGS=0x0000000000010202, ERR=0x0000000000000004
  TRAPNO=0x000000000000000e

Top of Stack: (sp=0x000070000d79e4f0)
0x000070000d79e4f0:   00007ff838800800 00007ff837e032a0
0x000070000d79e500:   00007ff838800800 0000000000000004
0x000070000d79e510:   00000007c0060028 00000001150a92a0
0x000070000d79e520:   00000001150a57b0 00000007c0027918
0x000070000d79e530:   0000000114c7b090 00007ff838800800
0x000070000d79e540:   0000000114c7b090 00007ff837e030d0
0x000070000d79e550:   000070000d79e6b8 0000000114c7b090
0x000070000d79e560:   00007ff838800800 0000000000000008
0x000070000d79e570:   000070000d79e640 000000010edcf988
0x000070000d79e580:   000070000d79e5f8 000070000d79e5f8
0x000070000d79e590:   000070000d79e5b0 000000010ebf32fc
0x000070000d79e5a0:   00007ff838800800 0000000114c7b090
0x000070000d79e5b0:   00007ff838800800 000000010eceade0
0x000070000d79e5c0:   0000000000000000 000070000d79e8a8
0x000070000d79e5d0:   0000000118352043 00000001183265d0
0x000070000d79e5e0:   0000700000000000 000070000d79e908
0x000070000d79e5f0:   000070000d79e8a8 000070000d79e8a8
0x000070000d79e600:   0000000118352043 00000001183265d0
0x000070000d79e610:   0000000114c7b090 00007ff838800800
0x000070000d79e620:   000070000d79e720 0000000114c7b50b
0x000070000d79e630:   0000000114c7b090 0000000000000008
0x000070000d79e640:   000070000d79e890 000000010ece8aff
0x000070000d79e650:   00007ff837e30710 00007ff837e021b0
0x000070000d79e660:   00007ff837e030d0 000000b60ed97975
0x000070000d79e670:   0000000114c7b50b 00000000000000b6
0x000070000d79e680:   0000000114c7b588 00007ff838800800
0x000070000d79e690:   00007ff837e02ff0 00007ff837e02a10
0x000070000d79e6a0:   00007ff837e02a20 00007ff837e02df8
0x000070000d79e6b0:   00000000000003d8 0000000000000000
0x000070000d79e6c0:   0000000000000000 0000000000000000
0x000070000d79e6d0:   0000000000000000 0000000000000000
0x000070000d79e6e0:   0000000000000000 00007ff837e02a10 

Instructions: (pc=0x000000010edcdcfa)
0x000000010edcdcda:   75 04 31 d2 eb 29 48 8d 05 cd b9 51 00 80 38 00
0x000000010edcdcea:   49 8b 04 24 74 15 48 8d 35 29 1e 47 00 8a 4e 08
0x000000010edcdcfa:   8b 50 08 48 d3 e2 48 03 16 eb 04 48 8b 50 08 48
0x000000010edcdd0a:   8b 4d b8 4c 8b 45 b0 4c 8b 4d a8 4c 89 74 24 18 

Register to memory mapping:

RAX=0x0000000000000028 is an unknown value
RBX=0x0000000114c7b090 is pointing into metadata
RCX=0x0000000000000003 is an unknown value
RDX=0x00007ff837e0e350 is an unknown value
RSP=0x000070000d79e4f0 is pointing into the stack for thread: 0x00007ff838800800
RBP=0x000070000d79e570 is pointing into the stack for thread: 0x00007ff838800800
RSI=0x000000010f23fb20: _ZN8Universe13_narrow_klassE+0 in /Library/Java/JavaVirtualMachines/jdk1.8.0_144.jdk/Contents/Home/jre/lib/server/libjvm.dylib at 0x000000010ea00000
RDI=0x00007ff837e02960 is an unknown value
R8 =0x000070000d79e530 is pointing into the stack for thread: 0x00007ff838800800
R9 =0x0000000000000008 is an unknown value
R10=0x000000010f3020e0: _ZN19TemplateInterpreter13_active_tableE+0x2800 in /Library/Java/JavaVirtualMachines/jdk1.8.0_144.jdk/Contents/Home/jre/lib/server/libjvm.dylib at 0x000000010ea00000
R11=0x000000000000002b is an unknown value
R12=0x00007ff837e030d0 is an unknown value
R13=0x000070000d79e6b8 is pointing into the stack for thread: 0x00007ff838800800
R14=0x00007ff838800800 is a thread
R15=0x0000000000000008 is an unknown value


Stack: [0x000070000d69f000,0x000070000d79f000],  sp=0x000070000d79e4f0,  free space=1021k
Native frames: (J=compiled Java code, j=interpreted, Vv=VM code, C=native code)
V  [libjvm.dylib+0x3cdcfa]  LinkResolver::resolve_invokevirtual(CallInfo&, Handle, constantPoolHandle, int, Thread*)+0x100
V  [libjvm.dylib+0x3cf988]  LinkResolver::resolve_invoke(CallInfo&, Handle, constantPoolHandle, int, Bytecodes::Code, Thread*)+0x208
V  [libjvm.dylib+0x2e8aff]  InterpreterRuntime::resolve_invoke(JavaThread*, Bytecodes::Code)+0x377
j  com.at.wangxu.Blog.FloorSolution.main([Ljava/lang/String;)V+35
v  ~StubRoutines::call_stub
V  [libjvm.dylib+0x2ee70a]  JavaCalls::call_helper(JavaValue*, methodHandle*, JavaCallArguments*, Thread*)+0x6ae
V  [libjvm.dylib+0x325522]  jni_invoke_static(JNIEnv_*, JavaValue*, _jobject*, JNICallType, _jmethodID*, JNI_ArgumentPusher*, Thread*)+0x1bf
V  [libjvm.dylib+0x31e299]  jni_CallStaticVoidMethod+0x15d
C  [java+0x3931]  JavaMain+0x9c4
C  [libsystem_pthread.dylib+0x3661]  _pthread_body+0x154
C  [libsystem_pthread.dylib+0x350d]  _pthread_body+0x0
C  [libsystem_pthread.dylib+0x2bf9]  thread_start+0xd
C  0x0000000000000000

Java frames: (J=compiled Java code, j=interpreted, Vv=VM code)
j  com.at.wangxu.Blog.FloorSolution.main([Ljava/lang/String;)V+35
v  ~StubRoutines::call_stub

---------------  P R O C E S S  ---------------

Java Threads: ( => current thread )
  0x00007ff839002800 JavaThread "Service Thread" daemon [_thread_blocked, id=16131, stack(0x000070000e5cc000,0x000070000e6cc000)]
  0x00007ff83801d800 JavaThread "C1 CompilerThread2" daemon [_thread_blocked, id=16643, stack(0x000070000e4c9000,0x000070000e5c9000)]
  0x00007ff83801c800 JavaThread "C2 CompilerThread1" daemon [_thread_blocked, id=14083, stack(0x000070000e3c6000,0x000070000e4c6000)]
  0x00007ff838853000 JavaThread "C2 CompilerThread0" daemon [_thread_blocked, id=17411, stack(0x000070000e2c3000,0x000070000e3c3000)]
  0x00007ff838852000 JavaThread "JDWP Command Reader" daemon [_thread_blocked, id=17667, stack(0x000070000e1c0000,0x000070000e2c0000)]
  0x00007ff838851800 JavaThread "JDWP Event Helper Thread" daemon [_thread_blocked, id=17923, stack(0x000070000e0bd000,0x000070000e1bd000)]
  0x00007ff838850800 JavaThread "JDWP Transport Listener: dt_socket" daemon [_thread_blocked, id=18183, stack(0x000070000dfba000,0x000070000e0ba000)]
  0x00007ff838843000 JavaThread "Signal Dispatcher" daemon [_thread_blocked, id=18695, stack(0x000070000deb7000,0x000070000dfb7000)]
  0x00007ff83880f000 JavaThread "Finalizer" daemon [_thread_blocked, id=20227, stack(0x000070000ddb4000,0x000070000deb4000)]
  0x00007ff838010800 JavaThread "Reference Handler" daemon [_thread_blocked, id=20739, stack(0x000070000dcb1000,0x000070000ddb1000)]
=>0x00007ff838800800 JavaThread "main" [_thread_in_vm, id=9731, stack(0x000070000d69f000,0x000070000d79f000)]

Other Threads:
  0x00007ff83800e000 VMThread [stack: 0x000070000dbae000,0x000070000dcae000] [id=11267]
  0x00007ff83807a000 WatcherThread [stack: 0x000070000e6cf000,0x000070000e7cf000] [id=14595]

VM state:synchronizing (normal execution)

VM Mutex/Monitor currently owned by a thread:  ([mutex/lock_event])
[0x00007ff837f012a0] Threads_lock - owner thread: 0x00007ff83800e000

Heap:
 PSYoungGen      total 38400K, used 2662K [0x0000000795580000, 0x0000000798000000, 0x00000007c0000000)
  eden space 33280K, 8% used [0x0000000795580000,0x00000007958199c0,0x0000000797600000)
  from space 5120K, 0% used [0x0000000797b00000,0x0000000797b00000,0x0000000798000000)
  to   space 5120K, 0% used [0x0000000797600000,0x0000000797600000,0x0000000797b00000)
 ParOldGen       total 87552K, used 0K [0x0000000740000000, 0x0000000745580000, 0x0000000795580000)
  object space 87552K, 0% used [0x0000000740000000,0x0000000740000000,0x0000000745580000)
 Metaspace       used 3601K, capacity 4676K, committed 4864K, reserved 1056768K
  class space    used 402K, capacity 428K, committed 512K, reserved 1048576K

Card table byte_map: [0x000000010fda7000,0x00000001101a8000] byte_map_base: 0x000000010c3a7000

Marking Bits: (ParMarkBitMap*) 0x000000010f2f35d0
 Begin Bits: [0x0000000110453000, 0x0000000112453000)
 End Bits:   [0x0000000112453000, 0x0000000114453000)

Polling page: 0x000000010e18f000

CodeCache: size=245760Kb used=1215Kb max_used=1215Kb free=244544Kb
 bounds [0x0000000118321000, 0x0000000118591000, 0x0000000127321000]
 total_blobs=323 nmethods=89 adapters=156
 compilation: enabled

Compilation events (10 events):
Event: 0.706 Thread 0x00007ff83801d800   85       3       java.util.regex.Pattern::next (33 bytes)
Event: 0.706 Thread 0x00007ff83801d800 nmethod 85 0x000000011844fd10 code [0x000000011844fea0, 0x0000000118450168]
Event: 0.706 Thread 0x00007ff83801d800   86       3       java.lang.Character::isBmpCodePoint (13 bytes)
Event: 0.706 Thread 0x00007ff83801d800 nmethod 86 0x0000000118450290 code [0x0000000118450400, 0x0000000118450590]
Event: 0.706 Thread 0x00007ff83801d800   88       3       java.lang.Math::max (11 bytes)
Event: 0.706 Thread 0x00007ff83801d800 nmethod 88 0x0000000118450610 code [0x0000000118450780, 0x0000000118450910]
Event: 0.706 Thread 0x00007ff83801d800   87       1       java.util.regex.Pattern::flags (5 bytes)
Event: 0.707 Thread 0x00007ff83801d800 nmethod 87 0x0000000118450990 code [0x0000000118450ae0, 0x0000000118450bf0]
Event: 3.912 Thread 0x00007ff83801d800   89       1       java.nio.Buffer::position (5 bytes)
Event: 3.912 Thread 0x00007ff83801d800 nmethod 89 0x0000000118450c50 code [0x0000000118450da0, 0x0000000118450eb0]

GC Heap History (0 events):
No events

Deoptimization events (0 events):
No events

Internal exceptions (8 events):
Event: 0.056 Thread 0x00007ff838800800 Exception <a 'java/lang/NoSuchMethodError': Method sun.misc.Unsafe.defineClass(Ljava/lang/String;[BII)Ljava/lang/Class; name or signature does not match> (0x0000000795587ca8) thrown at [/Users/java_re/workspace/8-2-build-macosx-x86_64/jdk8u144/9417/hotspo
Event: 0.056 Thread 0x00007ff838800800 Exception <a 'java/lang/NoSuchMethodError': Method sun.misc.Unsafe.prefetchRead(Ljava/lang/Object;J)V name or signature does not match> (0x0000000795587f90) thrown at [/Users/java_re/workspace/8-2-build-macosx-x86_64/jdk8u144/9417/hotspot/src/share/vm/pri
Event: 0.496 Thread 0x00007ff838800800 Exception <a 'java/security/PrivilegedActionException'> (0x00000007955f9ab8) thrown at [/Users/java_re/workspace/8-2-build-macosx-x86_64/jdk8u144/9417/hotspot/src/share/vm/prims/jvm.cpp, line 1390]
Event: 0.496 Thread 0x00007ff838800800 Exception <a 'java/security/PrivilegedActionException'> (0x00000007955f9cc8) thrown at [/Users/java_re/workspace/8-2-build-macosx-x86_64/jdk8u144/9417/hotspot/src/share/vm/prims/jvm.cpp, line 1390]
Event: 0.632 Thread 0x00007ff838800800 Exception <a 'java/security/PrivilegedActionException'> (0x00000007957a4ac0) thrown at [/Users/java_re/workspace/8-2-build-macosx-x86_64/jdk8u144/9417/hotspot/src/share/vm/prims/jvm.cpp, line 1390]
Event: 0.632 Thread 0x00007ff838800800 Exception <a 'java/security/PrivilegedActionException'> (0x00000007957a4eb8) thrown at [/Users/java_re/workspace/8-2-build-macosx-x86_64/jdk8u144/9417/hotspot/src/share/vm/prims/jvm.cpp, line 1390]
Event: 0.636 Thread 0x00007ff838800800 Exception <a 'java/security/PrivilegedActionException'> (0x00000007957a83d0) thrown at [/Users/java_re/workspace/8-2-build-macosx-x86_64/jdk8u144/9417/hotspot/src/share/vm/prims/jvm.cpp, line 1390]
Event: 0.636 Thread 0x00007ff838800800 Exception <a 'java/security/PrivilegedActionException'> (0x00000007957a87c8) thrown at [/Users/java_re/workspace/8-2-build-macosx-x86_64/jdk8u144/9417/hotspot/src/share/vm/prims/jvm.cpp, line 1390]

Events (10 events):
Event: 73.988 Executing VM operation: ChangeBreakpoints done
Event: 73.988 Executing VM operation: ChangeBreakpoints
Event: 73.988 Executing VM operation: ChangeBreakpoints done
Event: 146.773 Executing VM operation: RedefineClasses
Event: 146.774 Executing VM operation: RedefineClasses done
Event: 184.108 Executing VM operation: RedefineClasses
Event: 184.109 Executing VM operation: RedefineClasses done
Event: 2888.036 Executing VM operation: RedefineClasses
Event: 2888.037 Executing VM operation: RedefineClasses done
Event: 3540.865 Executing VM operation: ChangeBreakpoints


Dynamic libraries:
0x0000000016ae4000 	/System/Library/Frameworks/Cocoa.framework/Versions/A/Cocoa
0x0000000016ae4000 	/System/Library/Frameworks/Security.framework/Versions/A/Security
0x0000000016ae4000 	/System/Library/Frameworks/ApplicationServices.framework/Versions/A/ApplicationServices
0x0000000016ae4000 	/usr/lib/libz.1.dylib
0x0000000016ae4000 	/usr/lib/libSystem.B.dylib
0x0000000016ae4000 	/usr/lib/libobjc.A.dylib
0x0000000016ae4000 	/System/Library/Frameworks/CoreFoundation.framework/Versions/A/CoreFoundation
0x0000000016ae4000 	/System/Library/Frameworks/Foundation.framework/Versions/C/Foundation
0x0000000016ae4000 	/System/Library/Frameworks/AppKit.framework/Versions/C/AppKit
0x0000000016ae4000 	/System/Library/Frameworks/CoreData.framework/Versions/A/CoreData
0x0000000016ae4000 	/System/Library/PrivateFrameworks/RemoteViewServices.framework/Versions/A/RemoteViewServices
0x0000000016ae4000 	/System/Library/PrivateFrameworks/UIFoundation.framework/Versions/A/UIFoundation
0x0000000016ae4000 	/System/Library/PrivateFrameworks/DFRFoundation.framework/Versions/A/DFRFoundation
0x0000000016ae4000 	/System/Library/Frameworks/Metal.framework/Versions/A/Metal
0x0000000016ae4000 	/System/Library/PrivateFrameworks/DesktopServicesPriv.framework/Versions/A/DesktopServicesPriv
0x0000000016ae4000 	/usr/lib/libenergytrace.dylib
0x0000000016ae4000 	/System/Library/PrivateFrameworks/SkyLight.framework/Versions/A/SkyLight
0x0000000016ae4000 	/System/Library/Frameworks/CoreGraphics.framework/Versions/A/CoreGraphics
0x0000000016ae4000 	/usr/lib/libScreenReader.dylib
0x0000000016ae4000 	/System/Library/Frameworks/Accelerate.framework/Versions/A/Accelerate
0x0000000016ae4000 	/System/Library/Frameworks/IOSurface.framework/Versions/A/IOSurface
0x0000000016ae4000 	/System/Library/Frameworks/AudioToolbox.framework/Versions/A/AudioToolbox
0x0000000016ae4000 	/System/Library/Frameworks/AudioUnit.framework/Versions/A/AudioUnit
0x0000000016ae4000 	/System/Library/PrivateFrameworks/DataDetectorsCore.framework/Versions/A/DataDetectorsCore
0x0000000016ae4000 	/System/Library/Frameworks/Carbon.framework/Versions/A/Frameworks/HIToolbox.framework/Versions/A/HIToolbox
0x0000000016ae4000 	/usr/lib/libicucore.A.dylib
0x0000000016ae4000 	/System/Library/Frameworks/QuartzCore.framework/Versions/A/QuartzCore
0x0000000016ae4000 	/System/Library/PrivateFrameworks/SignpostNotification.framework/Versions/A/SignpostNotification
0x0000000016ae4000 	/System/Library/Frameworks/Carbon.framework/Versions/A/Frameworks/SpeechRecognition.framework/Versions/A/SpeechRecognition
0x0000000016ae4000 	/usr/lib/libauto.dylib
0x0000000016ae4000 	/usr/lib/libxml2.2.dylib
0x0000000016ae4000 	/System/Library/PrivateFrameworks/CoreUI.framework/Versions/A/CoreUI
0x0000000016ae4000 	/System/Library/Frameworks/CoreAudio.framework/Versions/A/CoreAudio
0x0000000016ae4000 	/System/Library/Frameworks/DiskArbitration.framework/Versions/A/DiskArbitration
0x0000000016ae4000 	/usr/lib/liblangid.dylib
0x0000000016ae4000 	/System/Library/PrivateFrameworks/MultitouchSupport.framework/Versions/A/MultitouchSupport
0x0000000016ae4000 	/System/Library/Frameworks/IOKit.framework/Versions/A/IOKit
0x0000000016ae4000 	/usr/lib/libDiagnosticMessagesClient.dylib
0x0000000016ae4000 	/System/Library/Frameworks/CoreServices.framework/Versions/A/CoreServices
0x0000000016ae4000 	/System/Library/PrivateFrameworks/PerformanceAnalysis.framework/Versions/A/PerformanceAnalysis
0x0000000016ae4000 	/System/Library/Frameworks/OpenGL.framework/Versions/A/OpenGL
0x0000000016ae4000 	/System/Library/Frameworks/ColorSync.framework/Versions/A/ColorSync
0x0000000016ae4000 	/System/Library/Frameworks/CoreImage.framework/Versions/A/CoreImage
0x0000000016ae4000 	/System/Library/Frameworks/CoreText.framework/Versions/A/CoreText
0x0000000016ae4000 	/System/Library/Frameworks/ImageIO.framework/Versions/A/ImageIO
0x0000000016ae4000 	/System/Library/PrivateFrameworks/Backup.framework/Versions/A/Backup
0x0000000016ae4000 	/usr/lib/libarchive.2.dylib
0x0000000016ae4000 	/System/Library/Frameworks/CFNetwork.framework/Versions/A/CFNetwork
0x0000000016ae4000 	/System/Library/Frameworks/SystemConfiguration.framework/Versions/A/SystemConfiguration
0x0000000016ae4000 	/usr/lib/libCRFSuite.dylib
0x0000000016ae4000 	/usr/lib/libc++.1.dylib
0x0000000016ae4000 	/usr/lib/libc++abi.dylib
0x0000000016ae4000 	/usr/lib/system/libcache.dylib
0x0000000016ae4000 	/usr/lib/system/libcommonCrypto.dylib
0x0000000016ae4000 	/usr/lib/system/libcompiler_rt.dylib
0x0000000016ae4000 	/usr/lib/system/libcopyfile.dylib
0x0000000016ae4000 	/usr/lib/system/libcorecrypto.dylib
0x0000000016ae4000 	/usr/lib/system/libdispatch.dylib
0x0000000016ae4000 	/usr/lib/system/libdyld.dylib
0x0000000016ae4000 	/usr/lib/system/libkeymgr.dylib
0x0000000016ae4000 	/usr/lib/system/liblaunch.dylib
0x0000000016ae4000 	/usr/lib/system/libmacho.dylib
0x0000000016ae4000 	/usr/lib/system/libquarantine.dylib
0x0000000016ae4000 	/usr/lib/system/libremovefile.dylib
0x0000000016ae4000 	/usr/lib/system/libsystem_asl.dylib
0x0000000016ae4000 	/usr/lib/system/libsystem_blocks.dylib
0x0000000016ae4000 	/usr/lib/system/libsystem_c.dylib
0x0000000016ae4000 	/usr/lib/system/libsystem_configuration.dylib
0x0000000016ae4000 	/usr/lib/system/libsystem_coreservices.dylib
0x0000000016ae4000 	/usr/lib/system/libsystem_darwin.dylib
0x0000000016ae4000 	/usr/lib/system/libsystem_dnssd.dylib
0x0000000016ae4000 	/usr/lib/system/libsystem_info.dylib
0x0000000016ae4000 	/usr/lib/system/libsystem_m.dylib
0x0000000016ae4000 	/usr/lib/system/libsystem_malloc.dylib
0x0000000016ae4000 	/usr/lib/system/libsystem_network.dylib
0x0000000016ae4000 	/usr/lib/system/libsystem_networkextension.dylib
0x0000000016ae4000 	/usr/lib/system/libsystem_notify.dylib
0x0000000016ae4000 	/usr/lib/system/libsystem_sandbox.dylib
0x0000000016ae4000 	/usr/lib/system/libsystem_secinit.dylib
0x0000000016ae4000 	/usr/lib/system/libsystem_kernel.dylib
0x0000000016ae4000 	/usr/lib/system/libsystem_platform.dylib
0x0000000016ae4000 	/usr/lib/system/libsystem_pthread.dylib
0x0000000016ae4000 	/usr/lib/system/libsystem_symptoms.dylib
0x0000000016ae4000 	/usr/lib/system/libsystem_trace.dylib
0x0000000016ae4000 	/usr/lib/system/libunwind.dylib
0x0000000016ae4000 	/usr/lib/system/libxpc.dylib
0x0000000016ae4000 	/usr/lib/closure/libclosured.dylib
0x0000000016ae4000 	/usr/lib/libbsm.0.dylib
0x0000000016ae4000 	/usr/lib/system/libkxld.dylib
0x0000000016ae4000 	/usr/lib/libOpenScriptingUtil.dylib
0x0000000016ae4000 	/usr/lib/libcoretls.dylib
0x0000000016ae4000 	/usr/lib/libcoretls_cfhelpers.dylib
0x0000000016ae4000 	/usr/lib/libpam.2.dylib
0x0000000016ae4000 	/usr/lib/libsqlite3.dylib
0x0000000016ae4000 	/usr/lib/libxar.1.dylib
0x0000000016ae4000 	/usr/lib/libbz2.1.0.dylib
0x0000000016ae4000 	/usr/lib/liblzma.5.dylib
0x0000000016ae4000 	/usr/lib/libnetwork.dylib
0x0000000016ae4000 	/usr/lib/libapple_nghttp2.dylib
0x0000000016ae4000 	/usr/lib/libpcap.A.dylib
0x0000000016ae4000 	/usr/lib/libboringssl.dylib
0x0000000016ae4000 	/usr/lib/libusrtcp.dylib
0x0000000016ae4000 	/usr/lib/libapple_crypto.dylib
0x0000000016ae4000 	/System/Library/Frameworks/CoreServices.framework/Versions/A/Frameworks/FSEvents.framework/Versions/A/FSEvents
0x0000000016ae4000 	/System/Library/Frameworks/CoreServices.framework/Versions/A/Frameworks/CarbonCore.framework/Versions/A/CarbonCore
0x0000000016ae4000 	/System/Library/Frameworks/CoreServices.framework/Versions/A/Frameworks/Metadata.framework/Versions/A/Metadata
0x0000000016ae4000 	/System/Library/Frameworks/CoreServices.framework/Versions/A/Frameworks/OSServices.framework/Versions/A/OSServices
0x0000000016ae4000 	/System/Library/Frameworks/CoreServices.framework/Versions/A/Frameworks/SearchKit.framework/Versions/A/SearchKit
0x0000000016ae4000 	/System/Library/Frameworks/CoreServices.framework/Versions/A/Frameworks/AE.framework/Versions/A/AE
0x0000000016ae4000 	/System/Library/Frameworks/CoreServices.framework/Versions/A/Frameworks/LaunchServices.framework/Versions/A/LaunchServices
0x0000000016ae4000 	/System/Library/Frameworks/CoreServices.framework/Versions/A/Frameworks/DictionaryServices.framework/Versions/A/DictionaryServices
0x0000000016ae4000 	/System/Library/Frameworks/CoreServices.framework/Versions/A/Frameworks/SharedFileList.framework/Versions/A/SharedFileList
0x0000000016ae4000 	/System/Library/Frameworks/NetFS.framework/Versions/A/NetFS
0x0000000016ae4000 	/System/Library/PrivateFrameworks/NetAuth.framework/Versions/A/NetAuth
0x0000000016ae4000 	/System/Library/PrivateFrameworks/login.framework/Versions/A/Frameworks/loginsupport.framework/Versions/A/loginsupport
0x0000000016ae4000 	/System/Library/PrivateFrameworks/TCC.framework/Versions/A/TCC
0x0000000016ae4000 	/usr/lib/libmecabra.dylib
0x0000000016ae4000 	/System/Library/Frameworks/ApplicationServices.framework/Versions/A/Frameworks/ATS.framework/Versions/A/ATS
0x0000000016ae4000 	/System/Library/Frameworks/ApplicationServices.framework/Versions/A/Frameworks/ColorSyncLegacy.framework/Versions/A/ColorSyncLegacy
0x0000000016ae4000 	/System/Library/Frameworks/ApplicationServices.framework/Versions/A/Frameworks/HIServices.framework/Versions/A/HIServices
0x0000000016ae4000 	/System/Library/Frameworks/ApplicationServices.framework/Versions/A/Frameworks/LangAnalysis.framework/Versions/A/LangAnalysis
0x0000000016ae4000 	/System/Library/Frameworks/ApplicationServices.framework/Versions/A/Frameworks/PrintCore.framework/Versions/A/PrintCore
0x0000000016ae4000 	/System/Library/Frameworks/ApplicationServices.framework/Versions/A/Frameworks/QD.framework/Versions/A/QD
0x0000000016ae4000 	/System/Library/Frameworks/ApplicationServices.framework/Versions/A/Frameworks/SpeechSynthesis.framework/Versions/A/SpeechSynthesis
0x0000000016ae4000 	/System/Library/Frameworks/CoreDisplay.framework/Versions/A/CoreDisplay
0x0000000016ae4000 	/System/Library/Frameworks/Accelerate.framework/Versions/A/Frameworks/vImage.framework/Versions/A/vImage
0x0000000016ae4000 	/System/Library/Frameworks/Accelerate.framework/Versions/A/Frameworks/vecLib.framework/Versions/A/vecLib
0x0000000016ae4000 	/System/Library/Frameworks/Accelerate.framework/Versions/A/Frameworks/vecLib.framework/Versions/A/libvDSP.dylib
0x0000000016ae4000 	/System/Library/Frameworks/Accelerate.framework/Versions/A/Frameworks/vecLib.framework/Versions/A/libBNNS.dylib
0x0000000016ae4000 	/System/Library/Frameworks/Accelerate.framework/Versions/A/Frameworks/vecLib.framework/Versions/A/libQuadrature.dylib
0x0000000016ae4000 	/System/Library/Frameworks/Accelerate.framework/Versions/A/Frameworks/vecLib.framework/Versions/A/libvMisc.dylib
0x0000000016ae4000 	/System/Library/Frameworks/Accelerate.framework/Versions/A/Frameworks/vecLib.framework/Versions/A/libLAPACK.dylib
0x0000000016ae4000 	/System/Library/Frameworks/Accelerate.framework/Versions/A/Frameworks/vecLib.framework/Versions/A/libBLAS.dylib
0x0000000016ae4000 	/System/Library/Frameworks/Accelerate.framework/Versions/A/Frameworks/vecLib.framework/Versions/A/libLinearAlgebra.dylib
0x0000000016ae4000 	/System/Library/Frameworks/Accelerate.framework/Versions/A/Frameworks/vecLib.framework/Versions/A/libSparse.dylib
0x0000000016ae4000 	/System/Library/Frameworks/Accelerate.framework/Versions/A/Frameworks/vecLib.framework/Versions/A/libSparseBLAS.dylib
0x0000000016ae4000 	/System/Library/PrivateFrameworks/GPUWrangler.framework/Versions/A/GPUWrangler
0x0000000016ae4000 	/System/Library/PrivateFrameworks/IOAccelerator.framework/Versions/A/IOAccelerator
0x0000000016ae4000 	/System/Library/PrivateFrameworks/IOPresentment.framework/Versions/A/IOPresentment
0x0000000016ae4000 	/System/Library/PrivateFrameworks/DSExternalDisplay.framework/Versions/A/DSExternalDisplay
0x0000000016ae4000 	/System/Library/Frameworks/OpenGL.framework/Versions/A/Libraries/libCoreFSCache.dylib
0x0000000016ae4000 	/System/Library/Frameworks/CoreVideo.framework/Versions/A/CoreVideo
0x0000000016ae4000 	/System/Library/PrivateFrameworks/GraphVisualizer.framework/Versions/A/GraphVisualizer
0x0000000016ae4000 	/System/Library/Frameworks/MetalPerformanceShaders.framework/Versions/A/MetalPerformanceShaders
0x0000000016ae4000 	/usr/lib/libFosl_dynamic.dylib
0x0000000016ae4000 	/System/Library/PrivateFrameworks/FaceCore.framework/Versions/A/FaceCore
0x0000000016ae4000 	/System/Library/Frameworks/OpenCL.framework/Versions/A/OpenCL
0x0000000016ae4000 	/usr/lib/libcompression.dylib
0x0000000016ae4000 	/System/Library/Frameworks/ApplicationServices.framework/Versions/A/Frameworks/ATS.framework/Versions/A/Resources/libFontParser.dylib
0x0000000016ae4000 	/System/Library/Frameworks/ApplicationServices.framework/Versions/A/Frameworks/ATS.framework/Versions/A/Resources/libFontRegistry.dylib
0x0000000016ae4000 	/System/Library/Frameworks/ImageIO.framework/Versions/A/Resources/libJPEG.dylib
0x0000000016ae4000 	/System/Library/Frameworks/ImageIO.framework/Versions/A/Resources/libTIFF.dylib
0x0000000016ae4000 	/System/Library/Frameworks/ImageIO.framework/Versions/A/Resources/libPng.dylib
0x0000000016ae4000 	/System/Library/Frameworks/ImageIO.framework/Versions/A/Resources/libGIF.dylib
0x0000000016ae4000 	/System/Library/Frameworks/ImageIO.framework/Versions/A/Resources/libJP2.dylib
0x0000000016ae4000 	/System/Library/Frameworks/ImageIO.framework/Versions/A/Resources/libRadiance.dylib
0x0000000016ae4000 	/System/Library/PrivateFrameworks/AppleJPEG.framework/Versions/A/AppleJPEG
0x0000000016ae4000 	/System/Library/Frameworks/MetalPerformanceShaders.framework/Frameworks/MPSCore.framework/Versions/A/MPSCore
0x0000000016ae4000 	/System/Library/Frameworks/MetalPerformanceShaders.framework/Frameworks/MPSImage.framework/Versions/A/MPSImage
0x0000000016ae4000 	/System/Library/Frameworks/MetalPerformanceShaders.framework/Frameworks/MPSNeuralNetwork.framework/Versions/A/MPSNeuralNetwork
0x0000000016ae4000 	/System/Library/Frameworks/MetalPerformanceShaders.framework/Frameworks/MPSMatrix.framework/Versions/A/MPSMatrix
0x0000000016ae4000 	/System/Library/PrivateFrameworks/MetalTools.framework/Versions/A/MetalTools
0x0000000016ae4000 	/System/Library/Frameworks/OpenGL.framework/Versions/A/Libraries/libGLU.dylib
0x0000000016ae4000 	/System/Library/Frameworks/OpenGL.framework/Versions/A/Libraries/libGFXShared.dylib
0x0000000016ae4000 	/System/Library/Frameworks/OpenGL.framework/Versions/A/Libraries/libGL.dylib
0x0000000016ae4000 	/System/Library/Frameworks/OpenGL.framework/Versions/A/Libraries/libGLImage.dylib
0x0000000016ae4000 	/System/Library/Frameworks/OpenGL.framework/Versions/A/Libraries/libCVMSPluginSupport.dylib
0x0000000016ae4000 	/System/Library/Frameworks/OpenGL.framework/Versions/A/Libraries/libCoreVMClient.dylib
0x0000000016ae4000 	/usr/lib/libcups.2.dylib
0x0000000016ae4000 	/System/Library/Frameworks/Kerberos.framework/Versions/A/Kerberos
0x0000000016ae4000 	/System/Library/Frameworks/GSS.framework/Versions/A/GSS
0x0000000016ae4000 	/usr/lib/libresolv.9.dylib
0x0000000016ae4000 	/usr/lib/libiconv.2.dylib
0x0000000016ae4000 	/System/Library/PrivateFrameworks/Heimdal.framework/Versions/A/Heimdal
0x0000000016ae4000 	/usr/lib/libheimdal-asn1.dylib
0x0000000016ae4000 	/System/Library/Frameworks/OpenDirectory.framework/Versions/A/OpenDirectory
0x0000000016ae4000 	/System/Library/PrivateFrameworks/CommonAuth.framework/Versions/A/CommonAuth
0x0000000016ae4000 	/System/Library/Frameworks/OpenDirectory.framework/Versions/A/Frameworks/CFOpenDirectory.framework/Versions/A/CFOpenDirectory
0x0000000016ae4000 	/System/Library/Frameworks/SecurityFoundation.framework/Versions/A/SecurityFoundation
0x0000000016ae4000 	/System/Library/PrivateFrameworks/APFS.framework/Versions/A/APFS
0x0000000016ae4000 	/usr/lib/libutil.dylib
0x0000000016ae4000 	/System/Library/PrivateFrameworks/AppleSauce.framework/Versions/A/AppleSauce
0x0000000016ae4000 	/System/Library/PrivateFrameworks/LinguisticData.framework/Versions/A/LinguisticData
0x0000000016ae4000 	/usr/lib/libmarisa.dylib
0x0000000016ae4000 	/System/Library/PrivateFrameworks/Lexicon.framework/Versions/A/Lexicon
0x0000000016ae4000 	/usr/lib/libChineseTokenizer.dylib
0x0000000016ae4000 	/usr/lib/libcmph.dylib
0x0000000016ae4000 	/System/Library/PrivateFrameworks/LanguageModeling.framework/Versions/A/LanguageModeling
0x0000000016ae4000 	/System/Library/PrivateFrameworks/CoreEmoji.framework/Versions/A/CoreEmoji
0x0000000016ae4000 	/System/Library/Frameworks/ServiceManagement.framework/Versions/A/ServiceManagement
0x0000000016ae4000 	/System/Library/PrivateFrameworks/BackgroundTaskManagement.framework/Versions/A/BackgroundTaskManagement
0x0000000016ae4000 	/usr/lib/libxslt.1.dylib
0x0000000016ae4000 	/System/Library/Frameworks/Carbon.framework/Versions/A/Frameworks/Ink.framework/Versions/A/Ink
0x0000000016ae4000 	/System/Library/PrivateFrameworks/TextureIO.framework/Versions/A/TextureIO
0x0000000016ae4000 	/usr/lib/libate.dylib
0x0000000016ae4000 	/System/Library/PrivateFrameworks/CrashReporterSupport.framework/Versions/A/CrashReporterSupport
0x0000000016ae4000 	/System/Library/PrivateFrameworks/Sharing.framework/Versions/A/Sharing
0x0000000016ae4000 	/System/Library/PrivateFrameworks/IconServices.framework/Versions/A/IconServices
0x0000000016ae4000 	/System/Library/PrivateFrameworks/Apple80211.framework/Versions/A/Apple80211
0x0000000016ae4000 	/System/Library/PrivateFrameworks/CoreUtils.framework/Versions/A/CoreUtils
0x0000000016ae4000 	/System/Library/Frameworks/CoreWLAN.framework/Versions/A/CoreWLAN
0x0000000016ae4000 	/System/Library/Frameworks/IOBluetooth.framework/Versions/A/IOBluetooth
0x0000000016ae4000 	/System/Library/PrivateFrameworks/ProtocolBuffer.framework/Versions/A/ProtocolBuffer
0x0000000016ae4000 	/System/Library/PrivateFrameworks/CoreWiFi.framework/Versions/A/CoreWiFi
0x0000000016ae4000 	/System/Library/Frameworks/CoreBluetooth.framework/Versions/A/CoreBluetooth
0x0000000016ae4000 	/System/Library/PrivateFrameworks/DebugSymbols.framework/Versions/A/DebugSymbols
0x0000000016ae4000 	/System/Library/PrivateFrameworks/CoreSymbolication.framework/Versions/A/CoreSymbolication
0x0000000016ae4000 	/System/Library/PrivateFrameworks/Symbolication.framework/Versions/A/Symbolication
0x0000000016ae4000 	/System/Library/PrivateFrameworks/AppleFSCompression.framework/Versions/A/AppleFSCompression
0x0000000016ae4000 	/System/Library/PrivateFrameworks/SpeechRecognitionCore.framework/Versions/A/SpeechRecognitionCore
0x0000000016ae4000 	/System/Library/CoreServices/Encodings/libSimplifiedChineseConverter.dylib
0x000000010ea00000 	/Library/Java/JavaVirtualMachines/jdk1.8.0_144.jdk/Contents/Home/jre/lib/server/libjvm.dylib
0x0000000016ae4000 	/usr/lib/libstdc++.6.0.9.dylib
0x000000010e14c000 	/Library/Java/JavaVirtualMachines/jdk1.8.0_144.jdk/Contents/Home/jre/lib/libverify.dylib
0x000000010e15a000 	/Library/Java/JavaVirtualMachines/jdk1.8.0_144.jdk/Contents/Home/jre/lib/libjava.dylib
0x000000010e190000 	/Library/Java/JavaVirtualMachines/jdk1.8.0_144.jdk/Contents/Home/jre/lib/libjdwp.dylib
0x000000010e1db000 	/Library/Java/JavaVirtualMachines/jdk1.8.0_144.jdk/Contents/Home/jre/lib/libnpt.dylib
0x000000010e1e8000 	/Library/Java/JavaVirtualMachines/jdk1.8.0_144.jdk/Contents/Home/jre/lib/libzip.dylib
0x0000000016ae4000 	/System/Library/Frameworks/JavaVM.framework/Versions/A/Frameworks/JavaRuntimeSupport.framework/Versions/A/JavaRuntimeSupport
0x0000000016ae4000 	/System/Library/Frameworks/JavaVM.framework/Versions/A/Frameworks/JavaNativeFoundation.framework/Versions/A/JavaNativeFoundation
0x0000000016ae4000 	/System/Library/Frameworks/JavaVM.framework/Versions/A/JavaVM
0x0000000016ae4000 	/System/Library/Frameworks/Carbon.framework/Versions/A/Carbon
0x0000000016ae4000 	/System/Library/PrivateFrameworks/JavaLaunching.framework/Versions/A/JavaLaunching
0x0000000016ae4000 	/System/Library/Frameworks/Carbon.framework/Versions/A/Frameworks/CommonPanels.framework/Versions/A/CommonPanels
0x0000000016ae4000 	/System/Library/Frameworks/Carbon.framework/Versions/A/Frameworks/Help.framework/Versions/A/Help
0x0000000016ae4000 	/System/Library/Frameworks/Carbon.framework/Versions/A/Frameworks/ImageCapture.framework/Versions/A/ImageCapture
0x0000000016ae4000 	/System/Library/Frameworks/Carbon.framework/Versions/A/Frameworks/OpenScripting.framework/Versions/A/OpenScripting
0x0000000016ae4000 	/System/Library/Frameworks/Carbon.framework/Versions/A/Frameworks/Print.framework/Versions/A/Print
0x0000000016ae4000 	/System/Library/Frameworks/Carbon.framework/Versions/A/Frameworks/SecurityHI.framework/Versions/A/SecurityHI
0x0000000117d0d000 	/Library/Java/JavaVirtualMachines/jdk1.8.0_144.jdk/Contents/Home/jre/lib/libdt_socket.dylib

VM Arguments:
jvm_args: -agentlib:jdwp=transport=dt_socket,address=127.0.0.1:54539,suspend=y,server=n -Dfile.encoding=UTF-8 
java_command: com.at.wangxu.Blog.FloorSolution
java_class_path (initial): /Library/Java/JavaVirtualMachines/jdk1.8.0_144.jdk/Contents/Home/jre/lib/charsets.jar:/Library/Java/JavaVirtualMachines/jdk1.8.0_144.jdk/Contents/Home/jre/lib/deploy.jar:/Library/Java/JavaVirtualMachines/jdk1.8.0_144.jdk/Contents/Home/jre/lib/ext/cldrdata.jar:/Library/Java/JavaVirtualMachines/jdk1.8.0_144.jdk/Contents/Home/jre/lib/ext/dnsns.jar:/Library/Java/JavaVirtualMachines/jdk1.8.0_144.jdk/Contents/Home/jre/lib/ext/jaccess.jar:/Library/Java/JavaVirtualMachines/jdk1.8.0_144.jdk/Contents/Home/jre/lib/ext/jfxrt.jar:/Library/Java/JavaVirtualMachines/jdk1.8.0_144.jdk/Contents/Home/jre/lib/ext/localedata.jar:/Library/Java/JavaVirtualMachines/jdk1.8.0_144.jdk/Contents/Home/jre/lib/ext/nashorn.jar:/Library/Java/JavaVirtualMachines/jdk1.8.0_144.jdk/Contents/Home/jre/lib/ext/sunec.jar:/Library/Java/JavaVirtualMachines/jdk1.8.0_144.jdk/Contents/Home/jre/lib/ext/sunjce_provider.jar:/Library/Java/JavaVirtualMachines/jdk1.8.0_144.jdk/Contents/Home/jre/lib/ext/sunpkcs11.jar:/Library/Java/JavaVirtualMachines/jdk1.8.0_144.jdk/Contents/Home/jre/lib/ext/zipfs.jar:/Library/Java/JavaVirtualMachines/jdk1.8.0_144.jdk/Contents/Home/jre/lib/javaws.jar:/Library/Java/JavaVirtualMachines/jdk1.8.0_144.jdk/Contents/Home/jre/lib/jce.jar:/Library/Java/JavaVirtualMachines/jdk1.8.0_144.jdk/Contents/Home/jre/lib/jfr.jar:/Library/Java/JavaVirtualMachines/jdk1.8.0_144.jdk/Contents/Home/jre/lib/jfxswt.jar:/Library/Java/JavaVirtualMachines/jdk1.8.0_144.jdk/Contents/Home/jre/lib/jsse.jar:/Library/Java/JavaVirtualMachines/jdk1.8.0_144.jdk/Contents/Home/jre/lib/management-agent.jar:/Library/Java/JavaVirtualMachines/jdk1.8.0_144.jdk/Contents/Home/jre/lib/plugin.jar:/Library/Java/JavaVirtualMachines/jdk1.8.0_144.jdk/Contents/Home/jre/lib/resources.jar:/Library/Java/JavaVirtualMachines/jdk1.8.0_144.jdk/Contents/Home/jre/lib/rt.jar:/Library/Java/JavaVirtualMachines/jdk1.8.0_144.jdk/Contents/Home/lib/ant-javafx.jar:/Library/Java/JavaVirtualMachines/jdk1.8.0_144.jdk/Contents/Home
Launcher Type: SUN_STANDARD

Environment Variables:
PATH=/Library/Frameworks/Python.framework/Versions/3.5/bin:/usr/local/bin:/usr/bin:/bin:/usr/sbin:/sbin:/usr/local/go/bin:/Library/Frameworks/Mono.framework/Versions/Current/Commands:/Applications/Wireshark.app/Contents/MacOS:/Users/ouakira/Documents/apache-maven-3.5.3/bin:/usr/local/mysql/bin
SHELL=/bin/bash

Signal Handlers:
SIGSEGV: [libjvm.dylib+0x5b26e5], sa_mask[0]=11111111011111110111111111111111, sa_flags=SA_ONSTACK|SA_RESTART|SA_SIGINFO
SIGBUS: [libjvm.dylib+0x5b26e5], sa_mask[0]=11111111011111110111111111111111, sa_flags=SA_RESTART|SA_SIGINFO
SIGFPE: [libjvm.dylib+0x489100], sa_mask[0]=11111111011111110111111111111111, sa_flags=SA_RESTART|SA_SIGINFO
SIGPIPE: [libjvm.dylib+0x489100], sa_mask[0]=11111111011111110111111111111111, sa_flags=SA_RESTART|SA_SIGINFO
SIGXFSZ: [libjvm.dylib+0x489100], sa_mask[0]=11111111011111110111111111111111, sa_flags=SA_RESTART|SA_SIGINFO
SIGILL: [libjvm.dylib+0x489100], sa_mask[0]=11111111011111110111111111111111, sa_flags=SA_RESTART|SA_SIGINFO
SIGUSR1: SIG_DFL, sa_mask[0]=00000000000000000000000000000000, sa_flags=none
SIGUSR2: [libjvm.dylib+0x488c1e], sa_mask[0]=00100000000000000000000000000000, sa_flags=SA_RESTART|SA_SIGINFO
SIGHUP: [libjvm.dylib+0x4871f5], sa_mask[0]=11111111011111110111111111111111, sa_flags=SA_RESTART|SA_SIGINFO
SIGINT: [libjvm.dylib+0x4871f5], sa_mask[0]=11111111011111110111111111111111, sa_flags=SA_RESTART|SA_SIGINFO
SIGTERM: [libjvm.dylib+0x4871f5], sa_mask[0]=11111111011111110111111111111111, sa_flags=SA_RESTART|SA_SIGINFO
SIGQUIT: [libjvm.dylib+0x4871f5], sa_mask[0]=11111111011111110111111111111111, sa_flags=SA_RESTART|SA_SIGINFO


---------------  S Y S T E M  ---------------

OS:Bsduname:Darwin 17.5.0 Darwin Kernel Version 17.5.0: Mon Mar  5 22:24:32 PST 2018; root:xnu-4570.51.1~1/RELEASE_X86_64 x86_64
rlimit: STACK 8192k, CORE 0k, NPROC 709, NOFILE 10240, AS infinity
load average:1.80 2.17 2.33

CPU:total 4 (initial active 4) (2 cores per cpu, 2 threads per core) family 6 model 61 stepping 4, cmov, cx8, fxsr, mmx, sse, sse2, sse3, ssse3, sse4.1, sse4.2, popcnt, avx, avx2, aes, clmul, erms, rtm, 3dnowpref, lzcnt, ht, tsc, tscinvbit, bmi1, bmi2, adx

Memory: 4k page, physical 8388608k(1553032k free)

/proc/meminfo:


vm_info: Java HotSpot(TM) 64-Bit Server VM (25.144-b01) for bsd-amd64 JRE (1.8.0_144-b01), built on Jul 21 2017 22:07:42 by "java_re" with gcc 4.2.1 (Based on Apple Inc. build 5658) (LLVM build 2336.11.00)

time: Mon Jun 11 22:17:46 2018
elapsed time: 3540 seconds (0d 0h 59m 0s)

